# JRE version: Java(TM) SE Runtime Environment (8.0_181-b13) (build 1.8.0_181-b13)
# Java VM: Java HotSpot(TM) 64-Bit Server VM (25.181-b13 mixed mode windows-amd64 compressed oops)
Heap:
 PSYoungGen      total 416256K, used 305237K [0x00000000d6e00000, 0x00000000f3900000, 0x0000000100000000)
  eden space 371712K, 71% used [0x00000000d6e00000,0x00000000e723df78,0x00000000ed900000)
  from space 44544K, 86% used [0x00000000f0d80000,0x00000000f3357820,0x00000000f3900000)
  to   space 49152K, 0% used [0x00000000ed900000,0x00000000ed900000,0x00000000f0900000)
 ParOldGen       total 84480K, used 51726K [0x0000000084a00000, 0x0000000089c80000, 0x00000000d6e00000)
  object space 84480K, 61% used [0x0000000084a00000,0x0000000087c83aa8,0x0000000089c80000)
 Metaspace       used 12442K, capacity 12577K, committed 12800K, reserved 1060864K
  class space    used 1205K, capacity 1279K, committed 1280K, reserved 1048576K
GC Heap History (10 events):
Event: 30.389 GC heap before
{Heap before GC invocations=9 (full 1):
 PSYoungGen      total 151040K, used 130472K [0x00000000d6e00000, 0x00000000e7880000, 0x0000000100000000)
  eden space 116224K, 100% used [0x00000000d6e00000,0x00000000ddf80000,0x00000000ddf80000)
  from space 34816K, 40% used [0x00000000ddf80000,0x00000000ded6a330,0x00000000e0180000)
  to   space 32768K, 0% used [0x00000000e5880000,0x00000000e5880000,0x00000000e7880000)
 ParOldGen       total 84480K, used 18104K [0x0000000084a00000, 0x0000000089c80000, 0x00000000d6e00000)
  object space 84480K, 21% used [0x0000000084a00000,0x0000000085bae2e0,0x0000000089c80000)
 Metaspace       used 11845K, capacity 12009K, committed 12288K, reserved 1060864K
  class space    used 1173K, capacity 1243K, committed 1280K, reserved 1048576K
Event: 30.446 GC heap after
Heap after GC invocations=9 (full 1):
 PSYoungGen      total 229888K, used 20811K [0x00000000d6e00000, 0x00000000e7380000, 0x0000000100000000)
  eden space 202240K, 0% used [0x00000000d6e00000,0x00000000d6e00000,0x00000000e3380000)
  from space 27648K, 75% used [0x00000000e5880000,0x00000000e6cd2d40,0x00000000e7380000)
  to   space 32768K, 0% used [0x00000000e3380000,0x00000000e3380000,0x00000000e5380000)
 ParOldGen       total 84480K, used 18104K [0x0000000084a00000, 0x0000000089c80000, 0x00000000d6e00000)
  object space 84480K, 21% used [0x0000000084a00000,0x0000000085bae2e0,0x0000000089c80000)
 Metaspace       used 11845K, capacity 12009K, committed 12288K, reserved 1060864K
  class space    used 1173K, capacity 1243K, committed 1280K, reserved 1048576K
}
Event: 43.532 GC heap before
{Heap before GC invocations=10 (full 1):
 PSYoungGen      total 229888K, used 223051K [0x00000000d6e00000, 0x00000000e7380000, 0x0000000100000000)
  eden space 202240K, 100% used [0x00000000d6e00000,0x00000000e3380000,0x00000000e3380000)
  from space 27648K, 75% used [0x00000000e5880000,0x00000000e6cd2d40,0x00000000e7380000)
  to   space 32768K, 0% used [0x00000000e3380000,0x00000000e3380000,0x00000000e5380000)
 ParOldGen       total 84480K, used 18104K [0x0000000084a00000, 0x0000000089c80000, 0x00000000d6e00000)
  object space 84480K, 21% used [0x0000000084a00000,0x0000000085bae2e0,0x0000000089c80000)
 Metaspace       used 11873K, capacity 12009K, committed 12288K, reserved 1060864K
  class space    used 1173K, capacity 1243K, committed 1280K, reserved 1048576K
Event: 43.593 GC heap after
Heap after GC invocations=10 (full 1):
 PSYoungGen      total 235008K, used 32319K [0x00000000d6e00000, 0x00000000ece80000, 0x0000000100000000)
  eden space 202240K, 0% used [0x00000000d6e00000,0x00000000d6e00000,0x00000000e3380000)
  from space 32768K, 98% used [0x00000000e3380000,0x00000000e530fce0,0x00000000e5380000)
  to   space 37376K, 0% used [0x00000000eaa00000,0x00000000eaa00000,0x00000000ece80000)
 ParOldGen       total 84480K, used 21496K [0x0000000084a00000, 0x0000000089c80000, 0x00000000d6e00000)
  object space 84480K, 25% used [0x0000000084a00000,0x0000000085efe2f0,0x0000000089c80000)
 Metaspace       used 11873K, capacity 12009K, committed 12288K, reserved 1060864K
  class space    used 1173K, capacity 1243K, committed 1280K, reserved 1048576K
}
Event: 56.193 GC heap before
{Heap before GC invocations=11 (full 1):
 PSYoungGen      total 235008K, used 234559K [0x00000000d6e00000, 0x00000000ece80000, 0x0000000100000000)
  eden space 202240K, 100% used [0x00000000d6e00000,0x00000000e3380000,0x00000000e3380000)
  from space 32768K, 98% used [0x00000000e3380000,0x00000000e530fce0,0x00000000e5380000)
  to   space 37376K, 0% used [0x00000000eaa00000,0x00000000eaa00000,0x00000000ece80000)
 ParOldGen       total 84480K, used 21496K [0x0000000084a00000, 0x0000000089c80000, 0x00000000d6e00000)
  object space 84480K, 25% used [0x0000000084a00000,0x0000000085efe2f0,0x0000000089c80000)
 Metaspace       used 12181K, capacity 12353K, committed 12544K, reserved 1060864K
  class space    used 1186K, capacity 1247K, committed 1280K, reserved 1048576K
Event: 56.277 GC heap after
Heap after GC invocations=11 (full 1):
 PSYoungGen      total 317440K, used 29087K [0x00000000d6e00000, 0x00000000ece00000, 0x0000000100000000)
  eden space 280576K, 0% used [0x00000000d6e00000,0x00000000d6e00000,0x00000000e8000000)
  from space 36864K, 78% used [0x00000000eaa00000,0x00000000ec667fa8,0x00000000ece00000)
  to   space 39936K, 0% used [0x00000000e8000000,0x00000000e8000000,0x00000000ea700000)
 ParOldGen       total 84480K, used 29070K [0x0000000084a00000, 0x0000000089c80000, 0x00000000d6e00000)
  object space 84480K, 34% used [0x0000000084a00000,0x0000000086663840,0x0000000089c80000)
 Metaspace       used 12181K, capacity 12353K, committed 12544K, reserved 1060864K
  class space    used 1186K, capacity 1247K, committed 1280K, reserved 1048576K
}
Event: 82.461 GC heap before
{Heap before GC invocations=12 (full 1):
 PSYoungGen      total 317440K, used 309663K [0x00000000d6e00000, 0x00000000ece00000, 0x0000000100000000)
  eden space 280576K, 100% used [0x00000000d6e00000,0x00000000e8000000,0x00000000e8000000)
  from space 36864K, 78% used [0x00000000eaa00000,0x00000000ec667fa8,0x00000000ece00000)
  to   space 39936K, 0% used [0x00000000e8000000,0x00000000e8000000,0x00000000ea700000)
 ParOldGen       total 84480K, used 29070K [0x0000000084a00000, 0x0000000089c80000, 0x00000000d6e00000)
  object space 84480K, 34% used [0x0000000084a00000,0x0000000086663840,0x0000000089c80000)
 Metaspace       used 12406K, capacity 12577K, committed 12800K, reserved 1060864K
  class space    used 1204K, capacity 1279K, committed 1280K, reserved 1048576K
Event: 82.595 GC heap after
Heap after GC invocations=12 (full 1):
 PSYoungGen      total 320512K, used 38834K [0x00000000d6e00000, 0x00000000f3980000, 0x0000000100000000)
  eden space 280576K, 0% used [0x00000000d6e00000,0x00000000d6e00000,0x00000000e8000000)
  from space 39936K, 97% used [0x00000000e8000000,0x00000000ea5ecbf8,0x00000000ea700000)
  to   space 45056K, 0% used [0x00000000f0d80000,0x00000000f0d80000,0x00000000f3980000)
 ParOldGen       total 84480K, used 51281K [0x0000000084a00000, 0x0000000089c80000, 0x00000000d6e00000)
  object space 84480K, 60% used [0x0000000084a00000,0x0000000087c14560,0x0000000089c80000)
 Metaspace       used 12406K, capacity 12577K, committed 12800K, reserved 1060864K
  class space    used 1204K, capacity 1279K, committed 1280K, reserved 1048576K
}
Event: 106.250 GC heap before
{Heap before GC invocations=13 (full 1):
 PSYoungGen      total 320512K, used 319410K [0x00000000d6e00000, 0x00000000f3980000, 0x0000000100000000)
  eden space 280576K, 100% used [0x00000000d6e00000,0x00000000e8000000,0x00000000e8000000)
  from space 39936K, 97% used [0x00000000e8000000,0x00000000ea5ecbf8,0x00000000ea700000)
  to   space 45056K, 0% used [0x00000000f0d80000,0x00000000f0d80000,0x00000000f3980000)
 ParOldGen       total 84480K, used 51281K [0x0000000084a00000, 0x0000000089c80000, 0x00000000d6e00000)
  object space 84480K, 60% used [0x0000000084a00000,0x0000000087c14560,0x0000000089c80000)
 Metaspace       used 12432K, capacity 12577K, committed 12800K, reserved 1060864K
  class space    used 1204K, capacity 1279K, committed 1280K, reserved 1048576K
Event: 106.348 GC heap after
Heap after GC invocations=13 (full 1):
 PSYoungGen      total 416256K, used 38750K [0x00000000d6e00000, 0x00000000f3900000, 0x0000000100000000)
  eden space 371712K, 0% used [0x00000000d6e00000,0x00000000d6e00000,0x00000000ed900000)
  from space 44544K, 86% used [0x00000000f0d80000,0x00000000f3357820,0x00000000f3900000)
  to   space 49152K, 0% used [0x00000000ed900000,0x00000000ed900000,0x00000000f0900000)
 ParOldGen       total 84480K, used 51726K [0x0000000084a00000, 0x0000000089c80000, 0x00000000d6e00000)
  object space 84480K, 61% used [0x0000000084a00000,0x0000000087c83aa8,0x0000000089c80000)
 Metaspace       used 12432K, capacity 12577K, committed 12800K, reserved 1060864K
  class space    used 1204K, capacity 1279K, committed 1280K, reserved 1048576K
}

