# JRE version: Java(TM) SE Runtime Environment (8.0_181-b13) (build 1.8.0_181-b13)
# Java VM: Java HotSpot(TM) 64-Bit Server VM (25.181-b13 mixed mode windows-amd64 compressed oops)
Heap:
 PSYoungGen      total 441856K, used 96996K [0x00000000d6e00000, 0x00000000f6480000, 0x0000000100000000)
  eden space 396800K, 15% used [0x00000000d6e00000,0x00000000dab28ca8,0x00000000ef180000)
  from space 45056K, 76% used [0x00000000f3880000,0x00000000f5a106a8,0x00000000f6480000)
  to   space 58880K, 0% used [0x00000000ef180000,0x00000000ef180000,0x00000000f2b00000)
 ParOldGen       total 119296K, used 78984K [0x0000000084a00000, 0x000000008be80000, 0x00000000d6e00000)
  object space 119296K, 66% used [0x0000000084a00000,0x00000000897222a8,0x000000008be80000)
 Metaspace       used 12476K, capacity 12641K, committed 12800K, reserved 1060864K
  class space    used 1205K, capacity 1279K, committed 1280K, reserved 1048576K
GC Heap History (10 events):
Event: 26.879 GC heap before
{Heap before GC invocations=9 (full 1):
 PSYoungGen      total 269312K, used 25076K [0x00000000d6e00000, 0x00000000eaa00000, 0x0000000100000000)
  eden space 244224K, 0% used [0x00000000d6e00000,0x00000000d6e00000,0x00000000e5c80000)
  from space 25088K, 99% used [0x00000000e7e80000,0x00000000e96fd0d0,0x00000000e9700000)
  to   space 34816K, 0% used [0x00000000e5c80000,0x00000000e5c80000,0x00000000e7e80000)
 ParOldGen       total 84992K, used 65028K [0x0000000084a00000, 0x0000000089d00000, 0x00000000d6e00000)
  object space 84992K, 76% used [0x0000000084a00000,0x0000000088981098,0x0000000089d00000)
 Metaspace       used 11835K, capacity 12009K, committed 12288K, reserved 1060864K
  class space    used 1173K, capacity 1243K, committed 1280K, reserved 1048576K
Event: 27.613 GC heap after
Heap after GC invocations=9 (full 1):
 PSYoungGen      total 269312K, used 0K [0x00000000d6e00000, 0x00000000eaa00000, 0x0000000100000000)
  eden space 244224K, 0% used [0x00000000d6e00000,0x00000000d6e00000,0x00000000e5c80000)
  from space 25088K, 0% used [0x00000000e7e80000,0x00000000e7e80000,0x00000000e9700000)
  to   space 34816K, 0% used [0x00000000e5c80000,0x00000000e5c80000,0x00000000e7e80000)
 ParOldGen       total 119296K, used 54355K [0x0000000084a00000, 0x000000008be80000, 0x00000000d6e00000)
  object space 119296K, 45% used [0x0000000084a00000,0x0000000087f14fd8,0x000000008be80000)
 Metaspace       used 11835K, capacity 12009K, committed 12288K, reserved 1060864K
  class space    used 1173K, capacity 1243K, committed 1280K, reserved 1048576K
}
Event: 40.963 GC heap before
{Heap before GC invocations=10 (full 1):
 PSYoungGen      total 269312K, used 242920K [0x00000000d6e00000, 0x00000000eaa00000, 0x0000000100000000)
  eden space 244224K, 99% used [0x00000000d6e00000,0x00000000e5b3a048,0x00000000e5c80000)
  from space 25088K, 0% used [0x00000000e7e80000,0x00000000e7e80000,0x00000000e9700000)
  to   space 34816K, 0% used [0x00000000e5c80000,0x00000000e5c80000,0x00000000e7e80000)
 ParOldGen       total 119296K, used 54355K [0x0000000084a00000, 0x000000008be80000, 0x00000000d6e00000)
  object space 119296K, 45% used [0x0000000084a00000,0x0000000087f14fd8,0x000000008be80000)
 Metaspace       used 11863K, capacity 12009K, committed 12288K, reserved 1060864K
  class space    used 1173K, capacity 1243K, committed 1280K, reserved 1048576K
Event: 41.041 GC heap after
Heap after GC invocations=10 (full 1):
 PSYoungGen      total 279040K, used 34594K [0x00000000d6e00000, 0x00000000efc00000, 0x0000000100000000)
  eden space 244224K, 0% used [0x00000000d6e00000,0x00000000d6e00000,0x00000000e5c80000)
  from space 34816K, 99% used [0x00000000e5c80000,0x00000000e7e48a70,0x00000000e7e80000)
  to   space 39424K, 0% used [0x00000000ed580000,0x00000000ed580000,0x00000000efc00000)
 ParOldGen       total 119296K, used 54363K [0x0000000084a00000, 0x000000008be80000, 0x00000000d6e00000)
  object space 119296K, 45% used [0x0000000084a00000,0x0000000087f16fd8,0x000000008be80000)
 Metaspace       used 11863K, capacity 12009K, committed 12288K, reserved 1060864K
  class space    used 1173K, capacity 1243K, committed 1280K, reserved 1048576K
}
Event: 54.682 GC heap before
{Heap before GC invocations=11 (full 1):
 PSYoungGen      total 279040K, used 278818K [0x00000000d6e00000, 0x00000000efc00000, 0x0000000100000000)
  eden space 244224K, 100% used [0x00000000d6e00000,0x00000000e5c80000,0x00000000e5c80000)
  from space 34816K, 99% used [0x00000000e5c80000,0x00000000e7e48a70,0x00000000e7e80000)
  to   space 39424K, 0% used [0x00000000ed580000,0x00000000ed580000,0x00000000efc00000)
 ParOldGen       total 119296K, used 54363K [0x0000000084a00000, 0x000000008be80000, 0x00000000d6e00000)
  object space 119296K, 45% used [0x0000000084a00000,0x0000000087f16fd8,0x000000008be80000)
 Metaspace       used 12241K, capacity 12417K, committed 12544K, reserved 1060864K
  class space    used 1186K, capacity 1247K, committed 1280K, reserved 1048576K
Event: 54.794 GC heap after
Heap after GC invocations=11 (full 1):
 PSYoungGen      total 360448K, used 37960K [0x00000000d6e00000, 0x00000000efe80000, 0x0000000100000000)
  eden space 321024K, 0% used [0x00000000d6e00000,0x00000000d6e00000,0x00000000ea780000)
  from space 39424K, 96% used [0x00000000ed580000,0x00000000efa923b0,0x00000000efc00000)
  to   space 44544K, 0% used [0x00000000ea780000,0x00000000ea780000,0x00000000ed300000)
 ParOldGen       total 119296K, used 54371K [0x0000000084a00000, 0x000000008be80000, 0x00000000d6e00000)
  object space 119296K, 45% used [0x0000000084a00000,0x0000000087f18fd8,0x000000008be80000)
 Metaspace       used 12241K, capacity 12417K, committed 12544K, reserved 1060864K
  class space    used 1186K, capacity 1247K, committed 1280K, reserved 1048576K
}
Event: 79.743 GC heap before
{Heap before GC invocations=12 (full 1):
 PSYoungGen      total 360448K, used 358984K [0x00000000d6e00000, 0x00000000efe80000, 0x0000000100000000)
  eden space 321024K, 100% used [0x00000000d6e00000,0x00000000ea780000,0x00000000ea780000)
  from space 39424K, 96% used [0x00000000ed580000,0x00000000efa923b0,0x00000000efc00000)
  to   space 44544K, 0% used [0x00000000ea780000,0x00000000ea780000,0x00000000ed300000)
 ParOldGen       total 119296K, used 54371K [0x0000000084a00000, 0x000000008be80000, 0x00000000d6e00000)
  object space 119296K, 45% used [0x0000000084a00000,0x0000000087f18fd8,0x000000008be80000)
 Metaspace       used 12306K, capacity 12481K, committed 12800K, reserved 1060864K
  class space    used 1187K, capacity 1247K, committed 1280K, reserved 1048576K
Event: 79.854 GC heap after
Heap after GC invocations=12 (full 1):
 PSYoungGen      total 365568K, used 44518K [0x00000000d6e00000, 0x00000000f7280000, 0x0000000100000000)
  eden space 321024K, 0% used [0x00000000d6e00000,0x00000000d6e00000,0x00000000ea780000)
  from space 44544K, 99% used [0x00000000ea780000,0x00000000ed2f9b98,0x00000000ed300000)
  to   space 59392K, 0% used [0x00000000f3880000,0x00000000f3880000,0x00000000f7280000)
 ParOldGen       total 119296K, used 77314K [0x0000000084a00000, 0x000000008be80000, 0x00000000d6e00000)
  object space 119296K, 64% used [0x0000000084a00000,0x0000000089580b60,0x000000008be80000)
 Metaspace       used 12306K, capacity 12481K, committed 12800K, reserved 1060864K
  class space    used 1187K, capacity 1247K, committed 1280K, reserved 1048576K
}
Event: 260.048 GC heap before
{Heap before GC invocations=13 (full 1):
 PSYoungGen      total 365568K, used 365542K [0x00000000d6e00000, 0x00000000f7280000, 0x0000000100000000)
  eden space 321024K, 100% used [0x00000000d6e00000,0x00000000ea780000,0x00000000ea780000)
  from space 44544K, 99% used [0x00000000ea780000,0x00000000ed2f9b98,0x00000000ed300000)
  to   space 59392K, 0% used [0x00000000f3880000,0x00000000f3880000,0x00000000f7280000)
 ParOldGen       total 119296K, used 77314K [0x0000000084a00000, 0x000000008be80000, 0x00000000d6e00000)
  object space 119296K, 64% used [0x0000000084a00000,0x0000000089580b60,0x000000008be80000)
 Metaspace       used 12473K, capacity 12641K, committed 12800K, reserved 1060864K
  class space    used 1204K, capacity 1279K, committed 1280K, reserved 1048576K
Event: 260.130 GC heap after
Heap after GC invocations=13 (full 1):
 PSYoungGen      total 441856K, used 34369K [0x00000000d6e00000, 0x00000000f6480000, 0x0000000100000000)
  eden space 396800K, 0% used [0x00000000d6e00000,0x00000000d6e00000,0x00000000ef180000)
  from space 45056K, 76% used [0x00000000f3880000,0x00000000f5a106a8,0x00000000f6480000)
  to   space 58880K, 0% used [0x00000000ef180000,0x00000000ef180000,0x00000000f2b00000)
 ParOldGen       total 119296K, used 78984K [0x0000000084a00000, 0x000000008be80000, 0x00000000d6e00000)
  object space 119296K, 66% used [0x0000000084a00000,0x00000000897222a8,0x000000008be80000)
 Metaspace       used 12473K, capacity 12641K, committed 12800K, reserved 1060864K
  class space    used 1204K, capacity 1279K, committed 1280K, reserved 1048576K
}

